Started GET "/" for 127.0.0.1 at 2018-05-03 15:26:51 -0300
Processing by HomeController#index as HTML
  Rendering home/index.html.erb within layouts/application
  Rendered home/index.html.erb within layouts/application (1.2ms)
Completed 200 OK in 912ms (Views: 758.8ms)


Started GET "/" for 127.0.0.1 at 2018-05-03 15:37:14 -0300
Processing by HomeController#index as HTML
Completed 500 Internal Server Error in 110ms



RuntimeError - erro:
  app/controllers/home_controller.rb:3:in `index'

Started POST "/__better_errors/5ff94ffc6b4f79b9/variables" for 127.0.0.1 at 2018-05-03 15:37:15 -0300
Started GET "/" for 127.0.0.1 at 2018-05-03 15:37:29 -0300
Processing by HomeController#index as HTML
  Rendering home/index.html.erb within layouts/application
  Rendered home/index.html.erb within layouts/application (0.7ms)
Completed 200 OK in 202ms (Views: 200.7ms)


Started GET "/" for 127.0.0.1 at 2018-08-09 10:20:08 -0300
Processing by HomeController#index as HTML
  Rendering home/index.html.erb within layouts/application
  Rendered home/index.html.erb within layouts/application (1.1ms)
Completed 200 OK in 401ms (Views: 244.0ms)


